[    0.000000] Initializing cgroup subsys cpuset
[    0.000000] Initializing cgroup subsys cpu
[    0.000000] Initializing cgroup subsys cpuacct
[    0.000000] Linux version 4.4.0-184-generic (buildd@lgw01-amd64-060) (gcc version 5.4.0 20160609 (Ubuntu 5.4.0-6ubuntu1~16.04.12) ) #214-Ubuntu SMP Thu Jun 4 10:14:11 UTC 2020 (Ubuntu 4.4.0-184.214-generic 4.4.223)
[    0.000000] Command line: BOOT_IMAGE=/boot/vmlinuz-4.4.0-184-generic root=LABEL=cloudimg-rootfs ro console=tty1 console=ttyS0
[    0.000000] KERNEL supported cpus:
[    0.000000]   Intel GenuineIntel
[    0.000000]   AMD AuthenticAMD
[    0.000000]   Centaur CentaurHauls
[    0.000000] x86/fpu: xstate_offset[2]:  576, xstate_sizes[2]:  256
[    0.000000] x86/fpu: Supporting XSAVE feature 0x01: 'x87 floating point registers'
[    0.000000] x86/fpu: Supporting XSAVE feature 0x02: 'SSE registers'
[    0.000000] x86/fpu: Supporting XSAVE feature 0x04: 'AVX registers'
[    0.000000] x86/fpu: Enabled xstate features 0x7, context size is 832 bytes, using 'standard' format.
[    0.000000] e820: BIOS-provided physical RAM map:
[    0.000000] BIOS-e820: [mem 0x0000000000000000-0x000000000009fbff] usable
[    0.000000] BIOS-e820: [mem 0x000000000009fc00-0x000000000009ffff] reserved
[    0.000000] BIOS-e820: [mem 0x00000000000f0000-0x00000000000fffff] reserved
[    0.000000] BIOS-e820: [mem 0x0000000000100000-0x000000003ffeffff] usable
[    0.000000] BIOS-e820: [mem 0x000000003fff0000-0x000000003fffffff] ACPI data
[    0.000000] BIOS-e820: [mem 0x00000000fec00000-0x00000000fec00fff] reserved
[    0.000000] BIOS-e820: [mem 0x00000000fee00000-0x00000000fee00fff] reserved
[    0.000000] BIOS-e820: [mem 0x00000000fffc0000-0x00000000ffffffff] reserved
[    0.000000] NX (Execute Disable) protection: active
[    0.000000] SMBIOS 2.5 present.
[    0.000000] Hypervisor detected: KVM
[    0.000000] e820: last_pfn = 0x3fff0 max_arch_pfn = 0x400000000
[    0.000000] MTRR: Disabled
[    0.000000] x86/PAT: MTRRs disabled, skipping PAT initialization too.
[    0.000000] CPU MTRRs all blank - virtualized system.
[    0.000000] x86/PAT: Configuration [0-7]: WB  WT  UC- UC  WB  WT  UC- UC  
[    0.000000] found SMP MP-table at [mem 0x0009fff0-0x0009ffff] mapped at [ffff88000009fff0]
[    0.000000] Scanning 1 areas for low memory corruption
[    0.000000] RAMDISK: [mem 0x362de000-0x37166fff]
[    0.000000] ACPI: Early table checksum verification disabled
[    0.000000] ACPI: RSDP 0x00000000000E0000 000024 (v02 VBOX  )
[    0.000000] ACPI: XSDT 0x000000003FFF0030 00003C (v01 VBOX   VBOXXSDT 00000001 ASL  00000061)
[    0.000000] ACPI: FACP 0x000000003FFF00F0 0000F4 (v04 VBOX   VBOXFACP 00000001 ASL  00000061)
[    0.000000] ACPI: DSDT 0x000000003FFF0470 002325 (v02 VBOX   VBOXBIOS 00000002 INTL 20100528)
[    0.000000] ACPI: FACS 0x000000003FFF0200 000040
[    0.000000] ACPI: FACS 0x000000003FFF0200 000040
[    0.000000] ACPI: APIC 0x000000003FFF0240 00005C (v02 VBOX   VBOXAPIC 00000001 ASL  00000061)
[    0.000000] ACPI: SSDT 0x000000003FFF02A0 0001CC (v01 VBOX   VBOXCPUT 00000002 INTL 20100528)
[    0.000000] No NUMA configuration found
[    0.000000] Faking a node at [mem 0x0000000000000000-0x000000003ffeffff]
[    0.000000] NODE_DATA(0) allocated [mem 0x3ffeb000-0x3ffeffff]
[    0.000000] kvm-clock: Using msrs 4b564d01 and 4b564d00
[    0.000000] kvm-clock: cpu 0, msr 0:3ffe3001, primary cpu clock
[    0.000000] kvm-clock: using sched offset of 12668767319 cycles
[    0.000000] clocksource: kvm-clock: mask: 0xffffffffffffffff max_cycles: 0x1cd42e4dffb, max_idle_ns: 881590591483 ns
[    0.000000] Zone ranges:
[    0.000000]   DMA      [mem 0x0000000000001000-0x0000000000ffffff]
[    0.000000]   DMA32    [mem 0x0000000001000000-0x000000003ffeffff]
[    0.000000]   Normal   empty
[    0.000000]   Device   empty
[    0.000000] Movable zone start for each node
[    0.000000] Early memory node ranges
[    0.000000]   node   0: [mem 0x0000000000001000-0x000000000009efff]
[    0.000000]   node   0: [mem 0x0000000000100000-0x000000003ffeffff]
[    0.000000] Initmem setup node 0 [mem 0x0000000000001000-0x000000003ffeffff]
[    0.000000] ACPI: PM-Timer IO Port: 0x4008
[    0.000000] IOAPIC[0]: apic_id 2, version 32, address 0xfec00000, GSI 0-23
[    0.000000] ACPI: INT_SRC_OVR (bus 0 bus_irq 0 global_irq 2 dfl dfl)
[    0.000000] ACPI: INT_SRC_OVR (bus 0 bus_irq 9 global_irq 9 low level)
[    0.000000] Using ACPI (MADT) for SMP configuration information
[    0.000000] smpboot: Allowing 2 CPUs, 0 hotplug CPUs
[    0.000000] PM: Registered nosave memory: [mem 0x00000000-0x00000fff]
[    0.000000] PM: Registered nosave memory: [mem 0x0009f000-0x0009ffff]
[    0.000000] PM: Registered nosave memory: [mem 0x000a0000-0x000effff]
[    0.000000] PM: Registered nosave memory: [mem 0x000f0000-0x000fffff]
[    0.000000] e820: [mem 0x40000000-0xfebfffff] available for PCI devices
[    0.000000] Booting paravirtualized kernel on KVM
[    0.000000] clocksource: refined-jiffies: mask: 0xffffffff max_cycles: 0xffffffff, max_idle_ns: 7645519600211568 ns
[    0.000000] setup_percpu: NR_CPUS:512 nr_cpumask_bits:512 nr_cpu_ids:2 nr_node_ids:1
[    0.000000] PERCPU: Embedded 33 pages/cpu @ffff88003fc00000 s95448 r8192 d31528 u1048576
[    0.000000] Built 1 zonelists in Node order, mobility grouping on.  Total pages: 257912
[    0.000000] Policy zone: DMA32
[    0.000000] Kernel command line: BOOT_IMAGE=/boot/vmlinuz-4.4.0-184-generic root=LABEL=cloudimg-rootfs ro console=tty1 console=ttyS0
[    0.000000] PID hash table entries: 4096 (order: 3, 32768 bytes)
[    0.000000] Memory: 997664K/1048120K available (8632K kernel code, 1336K rwdata, 4036K rodata, 1492K init, 1292K bss, 50456K reserved, 0K cma-reserved)
[    0.000000] SLUB: HWalign=64, Order=0-3, MinObjects=0, CPUs=2, Nodes=1
[    0.000000] Kernel/User page tables isolation: enabled
[    0.000000] Hierarchical RCU implementation.
[    0.000000] 	Build-time adjustment of leaf fanout to 64.
[    0.000000] 	RCU restricting CPUs from NR_CPUS=512 to nr_cpu_ids=2.
[    0.000000] RCU: Adjusting geometry for rcu_fanout_leaf=64, nr_cpu_ids=2
[    0.000000] NR_IRQS:33024 nr_irqs:440 16
[    0.000000] Console: colour VGA+ 80x25
[    0.000000] console [tty1] enabled
[    0.000000] console [ttyS0] enabled
[    0.000000] tsc: Detected 2711.996 MHz processor
[    1.023476] Calibrating delay loop (skipped) preset value.. 5423.99 BogoMIPS (lpj=10847984)
[    1.035770] pid_max: default: 32768 minimum: 301
[    1.042191] ACPI: Core revision 20150930
[    1.059931] ACPI: 2 ACPI AML tables successfully acquired and loaded
[    1.070603] Security Framework initialized
[    1.077453] Yama: becoming mindful.
[    1.083259] AppArmor: AppArmor initialized
[    1.089300] Dentry cache hash table entries: 131072 (order: 8, 1048576 bytes)
[    1.111572] Inode-cache hash table entries: 65536 (order: 7, 524288 bytes)
[    1.121023] Mount-cache hash table entries: 2048 (order: 2, 16384 bytes)
[    1.129578] Mountpoint-cache hash table entries: 2048 (order: 2, 16384 bytes)
[    1.138711] Initializing cgroup subsys io
[    1.144055] Initializing cgroup subsys memory
[    1.151107] Initializing cgroup subsys devices
[    1.158261] Initializing cgroup subsys freezer
[    1.164707] Initializing cgroup subsys net_cls
[    1.170856] Initializing cgroup subsys perf_event
[    1.176742] Initializing cgroup subsys net_prio
[    1.183700] Initializing cgroup subsys hugetlb
[    1.192390] Initializing cgroup subsys pids
[    1.204730] mce: CPU supports 0 MCE banks
[    1.210965] Last level iTLB entries: 4KB 64, 2MB 8, 4MB 8
[    1.218168] Last level dTLB entries: 4KB 64, 2MB 0, 4MB 0, 1GB 4
[    1.225645] Spectre V1 : Mitigation: usercopy/swapgs barriers and __user pointer sanitization
[    1.237707] Spectre V2 : Mitigation: Full generic retpoline
[    1.246284] Spectre V2 : Spectre v2 / SpectreRSB mitigation: Filling RSB on context switch
[    1.256952] Speculative Store Bypass: Vulnerable
[    1.262816] SRBDS: Unknown: Dependent on hypervisor status
[    1.273423] MDS: Mitigation: Clear CPU buffers
[    1.295267] Freeing SMP alternatives memory: 36K
[    1.340412] ftrace: allocating 32319 entries in 127 pages
[    1.815732] smpboot: APIC(0) Converting physical 0 to logical package 0
[    1.835245] smpboot: Max logical packages: 1
[    1.881997] x2apic enabled
[    1.890693] Switched APIC routing to physical x2apic.
[    1.909542] ..TIMER: vector=0x30 apic1=0 pin1=2 apic2=-1 pin2=-1
[    2.033417] smpboot: CPU0: Intel(R) Core(TM) i7-6820HQ CPU @ 2.70GHz (family: 0x6, model: 0x5e, stepping: 0x3)
[    2.050974] Performance Events: unsupported p6 CPU model 94 no PMU driver, software events only.
[    2.127638] KVM setup paravirtual spinlock
[    2.137897] x86: Booting SMP configuration:
[    2.145583] .... node  #0, CPUs:      #1
[    2.150218] kvm-clock: cpu 1, msr 0:3ffe3041, secondary cpu clock
[    2.158466] mce: CPU supports 0 MCE banks
[    2.165517] x86: Booted up 1 node, 2 CPUs
[    2.172340] smpboot: Total of 2 processors activated (10847.98 BogoMIPS)
[    2.182954] devtmpfs: initialized
[    2.197078] evm: security.selinux
[    2.202265] evm: security.SMACK64
[    2.206918] evm: security.SMACK64EXEC
[    2.212526] evm: security.SMACK64TRANSMUTE
[    2.220475] evm: security.SMACK64MMAP
[    2.229756] evm: security.ima
[    2.234142] evm: security.capability
[    2.240353] clocksource: jiffies: mask: 0xffffffff max_cycles: 0xffffffff, max_idle_ns: 7645041785100000 ns
[    2.270922] futex hash table entries: 512 (order: 3, 32768 bytes)
[    2.282944] pinctrl core: initialized pinctrl subsystem
[    2.294243] RTC time: 10:16:37, date: 06/25/20
[    2.303441] NET: Registered protocol family 16
[    2.327459] cpuidle: using governor ladder
[    2.343129] cpuidle: using governor menu
[    2.349152] PCCT header not found.
[    2.356085] ACPI: bus type PCI registered
[    2.363966] acpiphp: ACPI Hot Plug PCI Controller Driver version: 0.5
[    2.387138] PCI: Using configuration type 1 for base access
[    2.437199] ACPI: Added _OSI(Module Device)
[    2.444636] ACPI: Added _OSI(Processor Device)
[    2.451902] ACPI: Added _OSI(3.0 _SCP Extensions)
[    2.460946] ACPI: Added _OSI(Processor Aggregator Device)
[    2.474501] ACPI: Executed 1 blocks of module-level executable AML code
[    2.525663] ACPI: Interpreter enabled
[    2.547849] ACPI: (supports S0 S5)
[    2.555545] ACPI: Using IOAPIC for interrupt routing
[    2.578812] PCI: Using host bridge windows from ACPI; if necessary, use "pci=nocrs" and report a bug
[    2.640601] ACPI: PCI Root Bridge [PCI0] (domain 0000 [bus 00-ff])
[    2.649546] acpi PNP0A03:00: _OSC: OS supports [ASPM ClockPM Segments MSI]
[    2.662334] acpi PNP0A03:00: _OSC: not requesting OS control; OS requires [ExtendedConfig ASPM ClockPM MSI]
[    2.681500] acpi PNP0A03:00: fail to add MMCONFIG information, can't access extended PCI configuration space under this bridge.
[    2.702082] PCI host bridge to bus 0000:00
[    2.712264] pci_bus 0000:00: root bus resource [io  0x0000-0x0cf7 window]
[    2.724741] pci_bus 0000:00: root bus resource [io  0x0d00-0xffff window]
[    2.735524] pci_bus 0000:00: root bus resource [mem 0x000a0000-0x000bffff window]
[    2.748652] pci_bus 0000:00: root bus resource [mem 0x40000000-0xfdffffff window]
[    2.761084] pci_bus 0000:00: root bus resource [bus 00-ff]
[    2.783251] pci 0000:00:01.1: legacy IDE quirk: reg 0x10: [io  0x01f0-0x01f7]
[    2.794585] pci 0000:00:01.1: legacy IDE quirk: reg 0x14: [io  0x03f6]
[    2.803978] pci 0000:00:01.1: legacy IDE quirk: reg 0x18: [io  0x0170-0x0177]
[    2.890151] pci 0000:00:01.1: legacy IDE quirk: reg 0x1c: [io  0x0376]
[    2.966038] pci 0000:00:07.0: quirk: [io  0x4000-0x403f] claimed by PIIX4 ACPI
[    2.977516] pci 0000:00:07.0: quirk: [io  0x4100-0x410f] claimed by PIIX4 SMB
[    3.033640] ACPI: PCI Interrupt Link [LNKA] (IRQs 5 9 10 *11)
[    3.046697] ACPI: PCI Interrupt Link [LNKB] (IRQs 5 9 *10 11)
[    3.059402] ACPI: PCI Interrupt Link [LNKC] (IRQs 5 *9 10 11)
[    3.078044] ACPI: PCI Interrupt Link [LNKD] (IRQs 5 9 10 *11)
[    3.097157] ACPI: Enabled 2 GPEs in block 00 to 07
[    3.107023] vgaarb: setting as boot device: PCI:0000:00:02.0
[    3.113883] vgaarb: device added: PCI:0000:00:02.0,decodes=io+mem,owns=io+mem,locks=none
[    3.128415] vgaarb: loaded
[    3.135744] vgaarb: bridge control possible 0000:00:02.0
[    3.144500] SCSI subsystem initialized
[    3.157874] ACPI: bus type USB registered
[    3.163953] usbcore: registered new interface driver usbfs
[    3.171407] usbcore: registered new interface driver hub
[    3.178593] usbcore: registered new device driver usb
[    3.188235] PCI: Using ACPI for IRQ routing
[    3.215076] NetLabel: Initializing
[    3.222144] NetLabel:  domain hash size = 128
[    3.239474] NetLabel:  protocols = UNLABELED CIPSOv4
[    3.248075] NetLabel:  unlabeled traffic allowed by default
[    3.257496] amd_nb: Cannot enumerate AMD northbridges
[    3.265664] clocksource: Switched to clocksource kvm-clock
[    3.347737] AppArmor: AppArmor Filesystem Enabled
[    3.356286] pnp: PnP ACPI init
[    3.368871] pnp: PnP ACPI: found 3 devices
[    3.422814] clocksource: acpi_pm: mask: 0xffffff max_cycles: 0xffffff, max_idle_ns: 2085701024 ns
[    3.437237] NET: Registered protocol family 2
[    3.449136] TCP established hash table entries: 8192 (order: 4, 65536 bytes)
[    3.463438] TCP bind hash table entries: 8192 (order: 5, 131072 bytes)
[    3.476773] TCP: Hash tables configured (established 8192 bind 8192)
[    3.487788] UDP hash table entries: 512 (order: 2, 16384 bytes)
[    3.503856] UDP-Lite hash table entries: 512 (order: 2, 16384 bytes)
[    3.522083] NET: Registered protocol family 1
[    3.534616] pci 0000:00:00.0: Limiting direct PCI/PCI transfers
[    3.543875] pci 0000:00:01.0: Activating ISA DMA hang workarounds
[    3.553684] Unpacking initramfs...
[    5.110079] Freeing initrd memory: 14884K
[    5.116935] clocksource: tsc: mask: 0xffffffffffffffff max_cycles: 0x271782d3887, max_idle_ns: 440795314643 ns
[    5.133455] platform rtc_cmos: registered platform RTC device (no PNP device found)
[    5.144154] Scanning for low memory corruption every 60 seconds
[    5.155488] audit: initializing netlink subsys (disabled)
[    5.162989] audit: type=2000 audit(1593080213.067:1): initialized
[    5.172237] Initialise system trusted keyring
[    5.179113] HugeTLB registered 2 MB page size, pre-allocated 0 pages
[    5.197101] zbud: loaded
[    5.203424] VFS: Disk quotas dquot_6.6.0
[    5.209285] VFS: Dquot-cache hash table entries: 512 (order 0, 4096 bytes)
[    5.220111] squashfs: version 4.0 (2009/01/31) Phillip Lougher
[    5.229301] fuse init (API version 7.23)
[    5.236063] Key type big_key registered
[    5.242527] Allocating IMA MOK and blacklist keyrings.
[    5.254880] Key type asymmetric registered
[    5.261244] Asymmetric key parser 'x509' registered
[    5.267470] Block layer SCSI generic (bsg) driver version 0.4 loaded (major 249)
[    5.280001] io scheduler noop registered
[    5.288255] io scheduler deadline registered (default)
[    5.295200] io scheduler cfq registered
[    5.301831] pci_hotplug: PCI Hot Plug PCI Core version: 0.5
[    5.308810] pciehp: PCI Express Hot Plug Controller Driver version: 0.4
[    5.318358] ACPI: AC Adapter [AC] (on-line)
[    5.325153] input: Power Button as /devices/LNXSYSTM:00/LNXPWRBN:00/input/input0
[    5.337672] ACPI: Power Button [PWRF]
[    5.343543] input: Sleep Button as /devices/LNXSYSTM:00/LNXSLPBN:00/input/input1
[    5.353923] ACPI: Sleep Button [SLPF]
[    5.362049] GHES: HEST is not enabled!
[    5.364546] ACPI: Battery Slot [BAT0] (battery present)
[    5.374184] Serial: 8250/16550 driver, 32 ports, IRQ sharing enabled
[    5.406221] 00:02: ttyS0 at I/O 0x3f8 (irq = 4, base_baud = 115200) is a 16550A
[    5.432270] Linux agpgart interface v0.103
[    5.450624] loop: module loaded
[    5.461581] scsi host0: ata_piix
[    5.467704] scsi host1: ata_piix
[    5.473839] ata1: PATA max UDMA/33 cmd 0x1f0 ctl 0x3f6 bmdma 0xd000 irq 14
[    5.482056] ata2: PATA max UDMA/33 cmd 0x170 ctl 0x376 bmdma 0xd008 irq 15
[    5.494851] libphy: Fixed MDIO Bus: probed
[    5.501260] tun: Universal TUN/TAP device driver, 1.6
[    5.509140] tun: (C) 1999-2004 Max Krasnyansky <maxk@qualcomm.com>
[    5.519485] PPP generic driver version 2.4.2
[    5.531904] ehci_hcd: USB 2.0 'Enhanced' Host Controller (EHCI) Driver
[    5.544319] ehci-pci: EHCI PCI platform driver
[    5.551496] ehci-platform: EHCI generic platform driver
[    5.560170] ohci_hcd: USB 1.1 'Open' Host Controller (OHCI) Driver
[    5.569503] ohci-pci: OHCI PCI platform driver
[    5.576138] ohci-platform: OHCI generic platform driver
[    5.599654] uhci_hcd: USB Universal Host Controller Interface driver
[    5.616112] i8042: PNP: PS/2 Controller [PNP0303:PS2K,PNP0f03:PS2M] at 0x60,0x64 irq 1,12
[    5.632696] serio: i8042 KBD port at 0x60,0x64 irq 1
[    5.640297] serio: i8042 AUX port at 0x60,0x64 irq 12
[    5.674060] mousedev: PS/2 mouse device common for all mice
[    5.685149] rtc_cmos rtc_cmos: rtc core: registered rtc_cmos as rtc0
[    5.696290] rtc_cmos rtc_cmos: alarms up to one day, 114 bytes nvram
[    5.705592] i2c /dev entries driver
[    5.712387] input: AT Translated Set 2 keyboard as /devices/platform/i8042/serio0/input/input2
[    5.728131] device-mapper: uevent: version 1.0.3
[    5.743127] device-mapper: ioctl: 4.34.0-ioctl (2015-10-28) initialised: dm-devel@redhat.com
[    5.771042] ledtrig-cpu: registered to indicate activity on CPUs
[    5.785144] NET: Registered protocol family 10
[    5.797542] NET: Registered protocol family 17
[    5.806149] Key type dns_resolver registered
[    5.825811] registered taskstats version 1
[    5.832681] Loading compiled-in X.509 certificates
[    5.844059] Loaded X.509 cert 'Build time autogenerated kernel key: b6ae09eed57f82583ccd3c65c463e852cdd7a0b5'
[    5.864714] zswap: loaded using pool lzo/zbud
[    5.891635] Key type trusted registered
[    5.939553] Key type encrypted registered
[    5.948175] AppArmor: AppArmor sha1 policy hashing enabled
[    5.967364] ima: No TPM chip found, activating TPM-bypass!
[    5.983527] ima: Allocated hash algorithm: sha1
[    5.996147] evm: HMAC attrs: 0x1
[    6.006249]   Magic number: 8:657:275
[    6.012906] tty tty12: hash matches
[    6.023958] rtc_cmos rtc_cmos: setting system clock to 2020-06-25 10:16:41 UTC (1593080201)
[    6.061184] BIOS EDD facility v0.16 2004-Jun-25, 0 devices found
[    6.075121] EDD information not available.
[    6.092063] Freeing unused kernel memory: 1492K
[    6.123364] Write protecting the kernel read-only data: 14336k
[    6.145288] Freeing unused kernel memory: 1596K
[    6.164856] Freeing unused kernel memory: 60K
Loading, please wait...
starting version 229
[    6.343957] random: systemd-udevd: uninitialized urandom read (16 bytes read, 5 bits of entropy available)
[    6.350712] random: udevadm: uninitialized urandom read (16 bytes read, 5 bits of entropy available)
[    6.350910] random: udevadm: uninitialized urandom read (16 bytes read, 5 bits of entropy available)
[    6.392642] random: systemd-udevd: uninitialized urandom read (16 bytes read, 5 bits of entropy available)
[    6.408651] random: systemd-udevd: uninitialized urandom read (16 bytes read, 5 bits of entropy available)
[    6.427203] random: systemd-udevd: uninitialized urandom read (16 bytes read, 5 bits of entropy available)
[    6.441568] random: udevadm: uninitialized urandom read (16 bytes read, 5 bits of entropy available)
[    6.441788] random: udevadm: uninitialized urandom read (16 bytes read, 5 bits of entropy available)
[    6.442714] random: udevadm: uninitialized urandom read (16 bytes read, 5 bits of entropy available)
[    6.443049] random: udevadm: uninitialized urandom read (16 bytes read, 5 bits of entropy available)
[    6.835593] e1000: Intel(R) PRO/1000 Network Driver - version 7.3.21-k8-NAPI
[    6.849808] e1000: Copyright (c) 1999-2006 Intel Corporation.
[    6.869400] Fusion MPT base driver 3.04.20
[    6.877569] Copyright (c) 1999-2008 LSI Corporation
[    7.020245] Fusion MPT SPI Host driver 3.04.20
[    7.153744] AVX2 version of gcm_enc/dec engaged.
[    7.161174] AES CTR mode by8 optimization enabled
[    7.243417] input: ImExPS/2 Generic Explorer Mouse as /devices/platform/i8042/serio1/input/input4
[    8.188717] e1000 0000:00:03.0 eth0: (PCI:33MHz:32-bit) 02:89:fa:04:16:8f
[    8.198919] e1000 0000:00:03.0 eth0: Intel(R) PRO/1000 Network Connection
[    9.405384] e1000 0000:00:08.0 eth1: (PCI:33MHz:32-bit) 08:00:27:75:10:7c
[    9.415853] e1000 0000:00:08.0 eth1: Intel(R) PRO/1000 Network Connection
[    9.437047] e1000 0000:00:08.0 enp0s8: renamed from eth1
[    9.438176] mptbase: ioc0: Initiating bringup
[    9.464602] e1000 0000:00:03.0 enp0s3: renamed from eth0
[    9.971656] ioc0: LSI53C1030 A0: Capabilities={Initiator}
[   11.952998] scsi host2: ioc0: LSI53C1030 A0, FwRev=00000000h, Ports=1, MaxQ=256, IRQ=20
[   13.290601] scsi 2:0:0:0: Direct-Access     VBOX     HARDDISK         1.0  PQ: 0 ANSI: 5
[   13.303464] scsi target2:0:0: Beginning Domain Validation
[   13.322784] scsi target2:0:0: Domain Validation skipping write tests
[   13.343635] scsi target2:0:0: Ending Domain Validation
[   13.361970] scsi target2:0:0: asynchronous
[   13.370887] scsi 2:0:1:0: Direct-Access     VBOX     HARDDISK         1.0  PQ: 0 ANSI: 5
[   13.532160] scsi target2:0:1: Beginning Domain Validation
[   13.558408] scsi target2:0:1: Domain Validation skipping write tests
[   13.567512] scsi target2:0:1: Ending Domain Validation
[   13.575884] scsi target2:0:1: asynchronous
[   13.629534] sd 2:0:0:0: [sda] 20971520 512-byte logical blocks: (10.7 GB/10.0 GiB)
[   13.643540] sd 2:0:0:0: Attached scsi generic sg0 type 0
[   13.653261] sd 2:0:1:0: Attached scsi generic sg1 type 0
[   13.655469] sd 2:0:1:0: [sdb] 20480 512-byte logical blocks: (10.5 MB/10.0 MiB)
[   13.656435] sd 2:0:1:0: [sdb] Write Protect is off
[   13.656956] sd 2:0:1:0: [sdb] Incomplete mode parameter data
[   13.656963] sd 2:0:1:0: [sdb] Assuming drive cache: write through
[   13.666334] sd 2:0:0:0: [sda] Write Protect is off
[   13.666964] sd 2:0:0:0: [sda] Incomplete mode parameter data
[   13.666972] sd 2:0:0:0: [sda] Assuming drive cache: write through
[   13.673453]  sda: sda1
[   13.679877] sd 2:0:1:0: [sdb] Attached SCSI disk
[   13.681034] sd 2:0:0:0: [sda] Attached SCSI disk
Begin: Loading essential drivers ... [   18.599644] md: linear personality registered for level -1
[   18.644835] md: multipath personality registered for level -4
[   18.666694] md: raid0 personality registered for level 0
[   18.725202] md: raid1 personality registered for level 1
[   18.846148] raid6: sse2x1   gen()   815 MB/s
[   18.921899] raid6: sse2x1   xor()   948 MB/s
[   18.994324] raid6: sse2x2   gen()  1515 MB/s
[   19.070568] raid6: sse2x2   xor()   914 MB/s
[   19.146354] raid6: sse2x4   gen()  1243 MB/s
[   19.226791] raid6: sse2x4   xor()   809 MB/s
[   19.306335] raid6: avx2x1   gen()  2733 MB/s
[   19.378018] raid6: avx2x2   gen()  3029 MB/s
[   19.466473] raid6: avx2x4   gen()  3046 MB/s
[   19.477271] raid6: using algorithm avx2x4 gen() 3046 MB/s
[   19.483782] raid6: using avx2x2 recovery algorithm
[   19.501107] xor: automatically using best checksumming function:
[   19.550339]    avx       :  5135.000 MB/sec
[   19.563997] async_tx: api initialized (async)
[   19.639632] md: raid6 personality registered for level 6
[   19.646284] md: raid5 personality registered for level 5
[   19.655301] md: raid4 personality registered for level 4
[   19.695925] md: raid10 personality registered for level 10
done.
Begin: Running /scripts/init-premount ... done.
Begin: Mounting root file system ... Begin: Running /scripts/local-top ... done.
Begin: Running /scripts/local-premount ... [   19.881141] Btrfs loaded
Scanning for Btrfs filesystems
done.
Warning: fsck not present, so skipping root file system
[   19.994090] EXT4-fs (sda1): mounted filesystem with ordered data mode. Opts: (null)
done.
Begin: Running /scripts/local-bottom ... done.
Begin: Running /scripts/init-bottom ... done.
[   20.565316] systemd[1]: systemd 229 running in system mode. (+PAM +AUDIT +SELINUX +IMA +APPARMOR +SMACK +SYSVINIT +UTMP +LIBCRYPTSETUP +GCRYPT +GNUTLS +ACL +XZ -LZ4 +SECCOMP +BLKID +ELFUTILS +KMOD -IDN)
[   20.614830] systemd[1]: Detected virtualization oracle.
[   20.630393] systemd[1]: Detected architecture x86-64.

Welcome to [1mUbuntu 16.04.6 LTS[0m!

[   20.654296] systemd[1]: Set hostname to <ubuntu>.
[   20.674228] systemd[1]: Initializing machine ID from random generator.
[   20.683817] systemd[1]: Installed transient /etc/machine-id file.
[   20.948716] random: nonblocking pool is initialized
[   21.308612] systemd[1]: Reached target Swap.
[[0;32m  OK  [0m] Reached target Swap.
[   21.323330] systemd[1]: Listening on /dev/initctl Compatibility Named Pipe.
[[0;32m  OK  [0m] Listening on /dev/initctl Compatibility Named Pipe.
[   21.344872] systemd[1]: Listening on Device-mapper event daemon FIFOs.
[[0;32m  OK  [0m] Listening on Device-mapper event daemon FIFOs.
[   21.365744] systemd[1]: Set up automount Arbitrary Executable File Formats File System Automount Point.
[[0;32m  OK  [0m] Set up automount Arbitrary Executab...ats File System Automount Point.
[   21.389553] systemd[1]: Reached target Encrypted Volumes.
[[0;32m  OK  [0m] Reached target Encrypted Volumes.
[   21.403244] systemd[1]: Listening on udev Control Socket.
[[0;32m  OK  [0m] Listening on udev Control Socket.
[   21.416777] systemd[1]: Started Forward Password Requests to Wall Directory Watch.
[[0;32m  OK  [0m] Started Forward Password Requests to Wall Directory Watch.
[   21.435745] systemd[1]: Listening on udev Kernel Socket.
[[0;32m  OK  [0m] Listening on udev Kernel Socket.
[   21.462372] systemd[1]: Listening on LVM2 poll daemon socket.
[[0;32m  OK  [0m] Listening on LVM2 poll daemon socket.
[   21.608031] systemd[1]: Listening on Journal Socket.
[[0;32m  OK  [0m] Listening on Journal Socket.
[   21.621742] systemd[1]: Listening on Journal Socket (/dev/log).
[[0;32m  OK  [0m] Listening on Journal Socket (/dev/log).
[   21.639093] systemd[1]: Reached target System Time Synchronized.
[[0;32m  OK  [0m] Reached target System Time Synchronized.
[   21.654373] systemd[1]: Listening on LVM2 metadata daemon socket.
[[0;32m  OK  [0m] Listening on LVM2 metadata daemon socket.
[   21.691119] systemd[1]: Listening on Syslog Socket.
[[0;32m  OK  [0m] Listening on Syslog Socket.
[   21.712223] systemd[1]: Listening on Journal Audit Socket.
[[0;32m  OK  [0m] Listening on Journal Audit Socket.
[   21.727310] systemd[1]: Reached target User and Group Name Lookups.
[[0;32m  OK  [0m] Reached target User and Group Name Lookups.
[   21.749426] systemd[1]: Created slice System Slice.
[[0;32m  OK  [0m] Created slice System Slice.
[   21.794177] systemd[1]: Mounting Debug File System...
         Mounting Debug File System...
[   21.824582] systemd[1]: Starting Uncomplicated firewall...
         Starting Uncomplicated firewall...
[   21.914165] systemd[1]: Starting Create list of required static device nodes for the current kernel...
         Starting Create list of required st... nodes for the current kernel...
[   21.979314] systemd[1]: Mounting POSIX Message Queue File System...
         Mounting POSIX Message Queue File System...
[   22.042725] systemd[1]: Starting Set console keymap...
         Starting Set console keymap...
[   22.116347] systemd[1]: Starting Nameserver information manager...
         Starting Nameserver information manager...
[   22.333875] systemd[1]: Starting Journal Service...
         Starting Journal Service...
[   22.592589] systemd[1]: Starting Load Kernel Modules...
         Starting Load Kernel Modules...
[   22.697877] systemd[1]: Starting Remount Root and Kernel File Systems...
         Starting Remount Root and Kernel File Systems...
[   22.737831] systemd[1]: Created slice system-serial\x2dgetty.slice.
[[0;32m  OK  [0m] Created slice system-serial\x2dgetty.slice.
[   22.831036] EXT4-fs (sda1): re-mounted. Opts: (null)
[   22.838577] systemd[1]: Starting Monitoring of LVM2 mirrors, snapshots etc. using dmeventd or progress polling...
         Starting Monitoring of LVM2 mirrors... dmeventd or progress polling...
[   22.880073] systemd[1]: Mounting Huge Pages File System...
[   22.922514] Loading iSCSI transport class v2.0-870.
         Mounting Huge Pages File System...
[   22.947087] systemd[1]: Started Trigger resolvconf update for networkd DNS.
[[0;32m  OK  [0m] Started Trigger resolvconf update for networkd DNS.
[   23.048539] systemd[1]: Created slice User and Session Slice.
[[0;32m  OK  [0m] Created slice User and Session Slice.
[   23.134704] systemd[1]: Reached target Slices.
[[0;32m  OK  [0m] Reached target Slices.
[   23.270570] systemd[1]: Mounted Huge Pages File System.
[[0;32m  OK  [0m] Mounted Huge Pages File System.
[   23.359606] systemd[1]: Mounted POSIX Message Queue File System.
[[0;32m  OK  [0m] Mounted POSIX Message Queue File System.
[   23.391765] systemd[1]: Mounted Debug File System.
[[0;32m  OK  [0m] Mounted Debug File System.
[   23.425255] systemd[1]: Started Uncomplicated firewall.
[[0;32m  OK  [0m] Started Uncomplicated firewall.
[   23.496963] iscsi: registered transport (tcp)
[   23.504933] systemd[1]: Started Create list of required static device nodes for the current kernel.
[[0;32m  OK  [0m] Started Create list of required sta...ce nodes for the current kernel.
[   23.682685] systemd[1]: Started Remount Root and Kernel File Systems.
[[0;32m  OK  [0m] Started Remount Root and Kernel File Systems.
[   23.712276] systemd[1]: Started Nameserver information manager.
[[0;32m  OK  [0m] Started Nameserver information manager.
[   23.780301] systemd[1]: Started Journal Service.
[[0;32m  OK  [0m] Started Journal Service.
[[0;32m  OK  [0m] Started LVM2 metadata daemon.
         Starting udev Coldplug all Devices...
         Starting Load/Save Random Seed...
         Starting Flush Journal to Persistent Storage...
         Starting Create Static Device Nodes in /dev...
[[0;32m  OK  [0m] Started Load/Save Random Seed.
[   24.078000] systemd-journald[395]: Received request to flush runtime journal from PID 1
[[0;32m  OK  [0m] Started Create Static Device Nodes in /dev.
[[0;32m  OK  [0m] Started Monitoring of LVM2 mirrors,...ng dmeventd or progress polling.
[[0;32m  OK  [0m] Started Set console keymap.
[[0;32m  OK  [0m] Started Flush Journal to Persistent Storage.
[   24.213515] iscsi: registered transport (iser)
         Starting udev Kernel Device Manager...
[[0;32m  OK  [0m] Reached target Local File Systems (Pre).
[[0;32m  OK  [0m] Reached target Local File Systems.
         Starting LSB: AppArmor initialization...
         Starting Initial cloud-init job (pre-networking)...
         Starting Commit a transient machine-id on disk...
         Starting Create Volatile Files and Directories...
         Starting Set console font and keymap...
         Starting Tell Plymouth To Write Out Runtime Data...
[[0;32m  OK  [0m] Started Load Kernel Modules.
[[0;32m  OK  [0m] Started Commit a transient machine-id on disk.
[[0;32m  OK  [0m] Started Create Volatile Files and Directories.
[[0;32m  OK  [0m] Started Tell Plymouth To Write Out Runtime Data.
         Starting Update UTMP about System Boot/Shutdown...
         Starting Apply Kernel Variables...
         Mounting FUSE Control File System...
[[0;32m  OK  [0m] Mounted FUSE Control File System.
[[0;32m  OK  [0m] Started udev Kernel Device Manager.
[[0;32m  OK  [0m] Started Apply Kernel Variables.
[[0;32m  OK  [0m] Started Update UTMP about System Boot/Shutdown.
[[0;32m  OK  [0m] Started udev Coldplug all Devices.
[[0;32m  OK  [0m] Started Dispatch Password Requests to Console Directory Watch.
[[0;32m  OK  [0m] Found device /dev/ttyS0.
[[0;32m  OK  [0m] Listening on Load/Save RF Kill Switch Status /dev/rfkill Watch.
[   35.825711] cloud-init[470]: Cloud-init v. 19.4-33-gbb4131a2-0ubuntu1~16.04.1 running 'init-local' at Thu, 25 Jun 2020 10:17:09 +0000. Up 31.56 seconds.
[[0;32m  OK  [0m] Started Initial cloud-init job (pre-networking).
[[0;32m  OK  [0m] Started Set console font and keymap.
[[0;32m  OK  [0m] Created slice system-getty.slice.
[[0;32m  OK  [0m] Reached target Network (Pre).
[   [0;31m*[0;1;31m*[0m[0;31m*[0m] A start job is running for LSB: App... initialization (23s / no limit)[K[[0;32m  OK  [0m] Started LSB: AppArmor initialization.
         Starting Raise network interfaces...
[[0;32m  OK  [0m] Started Raise network interfaces.
[[0;32m  OK  [0m] Reached target Network.
         Starting Initial cloud-init job (metadata service crawler)...
[   50.657571] cloud-init[977]: Cloud-init v. 19.4-33-gbb4131a2-0ubuntu1~16.04.1 running 'init' at Thu, 25 Jun 2020 10:17:24 +0000. Up 46.71 seconds.
[   50.674290] cloud-init[977]: ci-info: ++++++++++++++++++++++++++++++++++++++Net device info+++++++++++++++++++++++++++++++++++++++
[   50.697719] cloud-init[977]: ci-info: +--------+-------+----------------------------+---------------+--------+-------------------+
[   50.705922] cloud-init[977]: ci-info: | Device |   Up  |          Address           |      Mask     | Scope  |     Hw-Address    |
[   50.717198] cloud-init[977]: ci-info: +--------+-------+----------------------------+---------------+--------+-------------------+
[   50.728629] cloud-init[977]: ci-info: | enp0s3 |  True |         10.0.2.15          | 255.255.255.0 | global | 02:89:fa:04:16:8f |
[   50.739910] cloud-init[977]: ci-info: | enp0s3 |  True | fe80::89:faff:fe04:168f/64 |       .       |  link  | 02:89:fa:04:16:8f |
[   50.752003] cloud-init[977]: ci-info: | enp0s8 | False |             .              |       .       |   .    | 08:00:27:75:10:7c |
[   50.762466] cloud-init[977]: ci-info: |   lo   |  True |         127.0.0.1          |   255.0.0.0   |  host  |         .         |
[   50.774344] cloud-init[977]: ci-info: |   lo   |  True |          ::1/128           |       .       |  host  |         .         |
[   50.795295] cloud-init[977]: ci-info: +--------+-------+----------------------------+---------------+--------+-------------------+
[   50.805692] cloud-init[977]: ci-info: +++++++++++++++++++++++++++Route IPv4 info++++++++++++++++++++++++++++
[   50.822289] cloud-init[977]: ci-info: +-------+-------------+----------+---------------+-----------+-------+
[   50.834816] cloud-init[977]: ci-info: | Route | Destination | Gateway  |    Genmask    | Interface | Flags |
[   50.852768] cloud-init[977]: ci-info: +-------+-------------+----------+---------------+-----------+-------+
[   50.860899] cloud-init[977]: ci-info: |   0   |   0.0.0.0   | 10.0.2.2 |    0.0.0.0    |   enp0s3  |   UG  |
[   50.878341] cloud-init[977]: ci-info: |   1   |   10.0.2.0  | 0.0.0.0  | 255.255.255.0 |   enp0s3  |   U   |
[   50.900009] cloud-init[977]: ci-info: +-------+-------------+----------+---------------+-----------+-------+
[   50.919251] cloud-init[977]: ci-info: +++++++++++++++++++Route IPv6 info+++++++++++++++++++
[   50.927724] cloud-init[977]: ci-info: +-------+-------------+---------+-----------+-------+
[   50.945197] cloud-init[977]: ci-info: | Route | Destination | Gateway | Interface | Flags |
[   50.959945] cloud-init[977]: ci-info: +-------+-------------+---------+-----------+-------+
[   50.970963] cloud-init[977]: ci-info: |   0   |  fe80::/64  |    ::   |   enp0s3  |   U   |
[   50.982826] cloud-init[977]: ci-info: |   4   |   ff00::/8  |    ::   |   enp0s3  |   U   |
[   50.995172] cloud-init[977]: ci-info: +-------+-------------+---------+-----------+-------+
[   51.011194] cloud-init[977]: Generating public/private rsa key pair.
[   51.021692] cloud-init[977]: Your identification has been saved in /etc/ssh/ssh_host_rsa_key.
[   51.033663] cloud-init[977]: Your public key has been saved in /etc/ssh/ssh_host_rsa_key.pub.
[   51.044275] cloud-init[977]: The key fingerprint is:
[   51.051320] cloud-init[977]: SHA256:LYD85pQfr9PsJF2IyvUakbM0TzDq+stuuRuIAr2u5yk root@ubuntu-xenial
[   51.061724] cloud-init[977]: The key's randomart image is:
[   51.070615] cloud-init[977]: +---[RSA 2048]----+
[   51.080256] cloud-init[977]: |                 |
[   51.086874] cloud-init[977]: |   . .           |
[[0;32m  OK  [0m] Started Initial cloud-init job (metadata service crawler).
[   51.099291] [[0;32m  OK  [0m] Reached target Network is Online.
cloud-init[977]: |    o . o        |
[   51.106278] cloud-init[977]: | .   . + * .     |
[   51.112651] cloud-init[977]: |. .   * S + .    |
[   51.118470] cloud-init[977]:          Starting iSCSI initiator daemon (iscsid)...
[[0;32m  OK  [0m] Reached target Cloud-config availability.
[[0;32m  OK  [0m] Reached target System Initialization.
[[0;32m  OK  [0m] Listening on ACPID Listen Socket.
|.  o B = & .     |
[[0;32m  OK  [0m] Started Daily apt download activities.
[[0;32m  OK  [0m] Started Daily apt upgrade and clean activities.
         Starting LXD - unix socket.
[[0;32m  OK  [0m] Started Daily Cleanup of Temporary Directories.
[[0;32m  OK  [0m] Listening on UUID daemon activation socket.
         Starting Socket activation for snappy daemon.
[[0;32m  OK  [0m] Listening on D-Bus System Message Bus Socket.
[   51.134863] cloud-init[977]: |. o . *.=o*      |
[[0;32m  OK  [0m] Started Message of the Day.
[   51.175668] [[0;32m  OK  [0m] Reached target Timers.
cloud-init[977]: |Eo.. oo..*o      |[[0;32m  OK  [0m] Started ACPI Events Check.
[[0;32m  OK  [0m] Reached target Paths.

[   51.204443] cloud-init[977]: [[0;32m  OK  [0m] Listening on LXD - unix socket.
[[0;32m  OK  [0m] Listening on Socket activation for snappy daemon.
|.=+ .+B+oo.      |[[0;32m  OK  [0m] Reached target Sockets.
[[0;32m  OK  [0m] Reached target Basic System.

[   51.232464] cloud-init[977]: +----[SHA256]-----+
[   51.240061] cloud-init[977]: Generating public/private dsa key pair.
[   51.249771]          Starting /etc/rc.local Compatibility...
cloud-init[977]: Your identification has been saved in /etc/ssh/ssh_host_dsa_key.
[   51.268264] [[0;32m  OK  [0m] Started Regular background program processing daemon.
cloud-init[977]: Your public key has been saved in /etc/ssh/ssh_host_dsa_key.pub.
[   51.284473] cloud-init[977]: The key fingerprint is:
[   51.309412] cloud-init[977]: SHA256:61iQWqp2fbab9RhNqZuzyqrSfw1539jaMQ7mHTK5x88 root@ubuntu-xenial
[   51.336091]          Starting Pollinate to seed the pseudo random number generator...
cloud-init[977]: The key's randomart image is:
[[   51.370088] cloud-init[0;32m  OK  [0m] Started ACPI event daemon.
[977]: +---[DSA 1024]----+
[   51.389771] cloud-init[977]: |                 |
[   51.397885] cloud-init         Starting LSB: Record successful boot for GRUB...
[[0;32m  OK  [0m] Started D-Bus System Message Bus.
[977]: |                 |
[   51.458611] cloud-init[977]: |                 |
[   51.482055] cloud-init[977]: |       .     .   |
[   51.501493] cloud-init[977]: |      + S.  o    |
[   51.507491] cloud-init[977]: |     + .o..+ .   |
[   51.529773] cloud-init[977]: |   .o.  o++.B=+  |
[   51.555238] cloud-init[977]: |  o.o .=+ooOoO== |
[   51.580972] cloud-init[977]: | ..o.o+=B+=o=o+.E|
[   51.599448] cloud-init[977]: +----[SHA256]-----+
[   51.608977] cloud-init[977]: Generating public/private ecdsa key pair.
[   51.621019] cloud-init[977]: Your identification has been saved in /etc/ssh/ssh_host_ecdsa_key.
[   51.633566] cloud-init[977]: Your public key has been saved in /etc/ssh/ssh_host_ecdsa_key.pub.
[   51.649997] cloud-init[977]: The key fingerprint is:
[   51.663149] cloud-init[977]: SHA256:oICJJ+M1drvk1SjpvDZhY7pOXf13Joxft0qRbKQVLU4 root@ubuntu-xenial
[   51.674870] cloud-init[977]: The key's randomart image is:
[   51.683630] cloud-init[977]: +---[ECDSA 256]---+         Starting LSB: MD monitoring daemon...

[   51.693760] cloud-init[977]: |             ..  |
[   51.700113] cloud-init[977]: |.o           E.. |         Starting Accounts Service...

[   51.708755] cloud-init[977]: |* o+ ..     oo.  |
         Starting System Logging Service...
[   51.739624] cloud-init[[0;32m  OK  [0m] Started FUSE filesystem for LXC.
         Starting Snappy daemon...
[977]: [[0;32m  OK  [0m] Started Deferred execution scheduler.
         Starting Login Service...
         Starting Virtualbox guest utils...
|.+o.o.o.+   =..  |         Starting LXD - container startup/shutdown...

[   51.863723] [[0;32m  OK  [0m] Started /etc/rc.local Compatibility.
cloud-init[977]: | .  .= +So . =   |
[   51.941391] cloud-init[[0;32m  OK  [0m] Started iSCSI initiator daemon (iscsid).
[977]:          Starting Login to default iSCSI targets...
|    *==   . + .  |
[[0;32m  OK  [0m] Started System Logging Service.
[   51.992037] cloud-init[977]: |   .+*o    o = +.|
[   52.091741] cloud-init[977]: |  .. o.     + = o|
[[0;32m  OK  [0m] Started LSB: Record successful boot for GRUB.
[   52.135719] cloud-init[977]: |  .oo..      o.. |
[   52.154677] cloud-init[977]: +----[SHA256]-----+
[   52.225504] [[0;32m  OK  [0m] Started Login Service.
cloud-init[977]: [[0;32m  OK  [0m] Started Unattended Upgrades Shutdown.
Generating public/private ed25519 key pair.
[   52.310029] cloud-init[977]: Your identification has been saved in /etc/ssh/ssh_host_ed25519_key.         Starting Authenticate and Authorize Users to Run Privileged Tasks...
[[0;32m  OK  [0m] Started Login to default iSCSI targets.
[[0;32m  OK  [0m] Reached target Remote File Systems (Pre).
[[0;32m  OK  [0m] Reached target Remote File Systems.

         Starting LSB: daemon to balance interrupts for SMP systems...
         Starting LSB: automatic crash report generation...
         Starting Permit User Sessions...
         Starting LSB: Set the CPU Frequency Scaling governor to "ondemand"...
[   52.484257] cloud-init[977]: Your public key has been saved in /etc/ssh/ssh_host_ed25519_key.pub.
[[0;32m  OK  [0m] Started Permit User Sessions.
[   52.542757] cloud-init[977]: The key fingerprint is:
         Starting Hold until boot process finishes up...
[   52.581754] cloud-init[977]: SHA256:43uJ9OWXS9nolmWVveIdq/9UW+4sUv/QzcdVkMYCQCM root@ubuntu-xenial
[   52.717551] cloud-init[977]: The key's randomart image is:
         Starting Terminate Plymouth Boot Screen...
[   52.736855] cloud-init[977]: +--[ED25519 256]--+
[   52.750512] cloud-init[977]: |      E.+... ... |
[   52.750896] cloud-init[977]: |       . .  . +. |
[[0;32m  OK  [0m] Started LSB: MD monitoring daemon.
[[0;32m  OK  [0m] Started Hold until boot process finishes up.
[[0;32m  OK  [0m] Started Terminate Plymouth Boot Screen.
[   52.883182] cloud-init[977]: |             o  +|
[   52.986029] cloud-init[977]: |               .+|
         Starting Set console scheme...
[   53.026393] cloud-init[977]: |        S       *|
[[0;32m  OK  [0m] Started Getty on tty1.
[[0;32m  OK  [0m] Started Serial Getty on ttyS0.
[[0;32m  OK  [0m] Reached target Login Prompts.
[   53.118407] cloud-init[977]: |       ...  ...@O|
[[0;32m  OK  [0m] Started Set console scheme.
[   53.151061] cloud-init[977]: |       ..o +..BB%|[[0;32m  OK  [0m] Started Authenticate and Authorize Users to Run Privileged Tasks.

[   53.203898] [[0;32m  OK  [0m] Started Accounts Service.
cloud-init[977]: |        ..+ o+*Bo|
[   53.226845] [[0;32m  OK  [0m] Started LSB: Set the CPU Frequency Scaling governor to "ondemand".
cloud-init[977]: |        ..   ==+B|
[[0;32m  OK  [0m] Started LSB: automatic crash report generation.
[   53.257393] cloud-init[[0;32m  OK  [0m] Started LSB: daemon to balance interrupts for SMP systems.
[977]: +----[SHA256]-----+
[[0;32m  OK  [0m] Started LXD - container startup/shutdown.
[[0;32m  OK  [0m] Started Virtualbox guest utils.
[[0;32m  OK  [0m] Started Pollinate to seed the pseudo random number generator.
         Starting OpenBSD Secure Shell server...
[[0;32m  OK  [0m] Started OpenBSD Secure Shell server.
[[0;32m  OK  [0m] Started Snappy daemon.
         Starting Wait until snapd is fully seeded...
[[0;32m  OK  [0m] Created slice User Slice of vagrant.
         Starting User Manager for UID 1000...
[[0;32m  OK  [0m] Started Session 1 of user vagrant.
[[0;32m  OK  [0m] Started Wait until snapd is fully seeded.
         Starting Apply the settings specified in cloud-config...
[[0;32m  OK  [0m] Reached target Multi-User System.
[[0;32m  OK  [0m] Reached target Graphical Interface.
         Starting Update UTMP about System Runlevel Changes...
[[0;32m  OK  [0m] Started User Manager for UID 1000.
[[0;32m  OK  [0m] Started Update UTMP about System Runlevel Changes.

Ubuntu 16.04.6 LTS ubuntu-xenial ttyS0

ubuntu-xenial login: [   62.293032] cloud-init[1351]: Generating locales (this might take a while)...
[   70.672741] cloud-init[1351]:   en_US.UTF-8... done
[   70.676541] cloud-init[1351]: Generation complete.
[   73.122168] cloud-init[1351]: Cloud-init v. 19.4-33-gbb4131a2-0ubuntu1~16.04.1 running 'modules:config' at Thu, 25 Jun 2020 10:17:38 +0000. Up 60.62 seconds.
ci-info: no authorized SSH keys fingerprints found for user ubuntu.
<14>Jun 25 10:17:56 ec2: 
<14>Jun 25 10:17:56 ec2: #############################################################
<14>Jun 25 10:17:56 ec2: -----BEGIN SSH HOST KEY FINGERPRINTS-----
<14>Jun 25 10:17:56 ec2: 1024 SHA256:61iQWqp2fbab9RhNqZuzyqrSfw1539jaMQ7mHTK5x88 root@ubuntu-xenial (DSA)
<14>Jun 25 10:17:56 ec2: 256 SHA256:oICJJ+M1drvk1SjpvDZhY7pOXf13Joxft0qRbKQVLU4 root@ubuntu-xenial (ECDSA)
<14>Jun 25 10:17:56 ec2: 256 SHA256:43uJ9OWXS9nolmWVveIdq/9UW+4sUv/QzcdVkMYCQCM root@ubuntu-xenial (ED25519)
<14>Jun 25 10:17:56 ec2: 2048 SHA256:LYD85pQfr9PsJF2IyvUakbM0TzDq+stuuRuIAr2u5yk root@ubuntu-xenial (RSA)
<14>Jun 25 10:17:56 ec2: -----END SSH HOST KEY FINGERPRINTS-----
<14>Jun 25 10:17:56 ec2: #############################################################
-----BEGIN SSH HOST KEY KEYS-----
ecdsa-sha2-nistp256 AAAAE2VjZHNhLXNoYTItbmlzdHAyNTYAAAAIbmlzdHAyNTYAAABBBCWxt2x+/8djXqIyu3rFAuBs+0di+5OaKFvnm4DWyH/zCaRtb8Pf7mqXY90S02NSilq+Gh0toUVVhK+OQJQPI+A= root@ubuntu-xenial
ssh-ed25519 AAAAC3NzaC1lZDI1NTE5AAAAIA/m+/6WdQG/5IaiYfHac8qFSdDCPuTGCpoVkfj9UwaU root@ubuntu-xenial
ssh-rsa AAAAB3NzaC1yc2EAAAADAQABAAABAQDVZDtIvQnAxbPZDfxZ6IBaxfl4nJE7sl8as0ewboFiZN1QeWnFaQJewc1M49eeI+Q2AkUGjUPqvKpmr9JsygQ3OGWY6Pgr7mN+n1SIHv35Y5uD1kRGgFAMW9U5OEaJMY5NHzoesWM36VwKoz+XXPceihxdO+6cnETfJd+3gUmfU29RbVebVxqREZkQLF6WU4rCl5E1gmZMvQR9KVXcKRIPW1IKPjUlaF2tNygyfjdzNxIERExED9yZxFqU7XdPEaeKtJBmQZDPoDo3tIESsHxJk/wd4QSQVbqm2CkWXlB7bmQP+QQin/0zWJNNaRDwyqB1y90EqhuYqdiHnH6rPp+7 root@ubuntu-xenial
-----END SSH HOST KEY KEYS-----
[   79.610738] cloud-init[1588]: Cloud-init v. 19.4-33-gbb4131a2-0ubuntu1~16.04.1 running 'modules:final' at Thu, 25 Jun 2020 10:17:55 +0000. Up 77.86 seconds.
[   79.611780] cloud-init[1588]: ci-info: no authorized SSH keys fingerprints found for user ubuntu.
[   79.618184] cloud-init[1588]: Cloud-init v. 19.4-33-gbb4131a2-0ubuntu1~16.04.1 finished at Thu, 25 Jun 2020 10:17:57 +0000. Datasource DataSourceNoCloud [seed=/dev/sdb][dsmode=net].  Up 79.50 seconds
